<?xml version="1.0" encoding="UTF-8"?>
<robot generator="Robot 5.0.1 (Python 3.10.12 on win32)" generated="20250711 20:28:59.591" rpa="false" schemaversion="3">
<suite id="s1" name="Test" source="c:\xampp\htdocs\edu_php\test">
<suite id="s1-s1" name="Login Test" source="c:\xampp\htdocs\edu_php\test\login_test.robot">
<test id="s1-s1-t1" name="Login" line="42">
<kw name="go to Edulien home page">
<kw name="Open Browser">
<arg>${url}</arg>
<arg>${Browser}</arg>
<msg timestamp="20250711 20:28:59.745" level="FAIL">No keyword with name 'Open Browser' found.</msg>
<status status="FAIL" starttime="20250711 20:28:59.745" endtime="20250711 20:28:59.748"/>
</kw>
<kw name="Maximize Browser Window">
<status status="NOT RUN" starttime="20250711 20:28:59.759" endtime="20250711 20:28:59.760"/>
</kw>
<status status="FAIL" starttime="20250711 20:28:59.734" endtime="20250711 20:28:59.762"/>
</kw>
<kw name="clicks login button">
<status status="NOT RUN" starttime="20250711 20:28:59.773" endtime="20250711 20:28:59.775"/>
</kw>
<kw name="enters valide email and password">
<status status="NOT RUN" starttime="20250711 20:28:59.776" endtime="20250711 20:28:59.776"/>
</kw>
<kw name="clicks submit button">
<status status="NOT RUN" starttime="20250711 20:28:59.797" endtime="20250711 20:28:59.797"/>
</kw>
<kw name="confirms that the login was succesful">
<status status="NOT RUN" starttime="20250711 20:28:59.816" endtime="20250711 20:28:59.820"/>
</kw>
<kw name="Close Browser">
<status status="NOT RUN" starttime="20250711 20:28:59.827" endtime="20250711 20:28:59.828"/>
</kw>
<status status="FAIL" starttime="20250711 20:28:59.731" endtime="20250711 20:28:59.833">No keyword with name 'Open Browser' found.</status>
</test>
<status status="FAIL" starttime="20250711 20:28:59.705" endtime="20250711 20:28:59.841"/>
</suite>
<status status="FAIL" starttime="20250711 20:28:59.610" endtime="20250711 20:28:59.850"/>
</suite>
<statistics>
<total>
<stat pass="0" fail="1" skip="0">All Tests</stat>
</total>
<tag>
</tag>
<suite>
<stat pass="0" fail="1" skip="0" id="s1" name="Test">Test</stat>
<stat pass="0" fail="1" skip="0" id="s1-s1" name="Login Test">Test.Login Test</stat>
</suite>
</statistics>
<errors>
<msg timestamp="20250711 20:28:59.708" level="ERROR">Error in file 'c:\xampp\htdocs\edu_php\test\login_test.robot' on line 2: Importing library 'SeleniumLibrary' failed: ModuleNotFoundError: No module named 'SeleniumLibrary'
Traceback (most recent call last):
  None
PYTHONPATH:
  c:\Users\yalci\.vscode\extensions\robocorp.robotframework-lsp-1.13.0\src\robotframework_debug_adapter
  C:\xampp\htdocs\edu_php
  c:\Users\yalci\.vscode\extensions\robocorp.robotframework-lsp-1.13.0\src
  c:\Users\yalci\.vscode\extensions\robocorp.robotframework-lsp-1.13.0\src\robotframework_ls\vendored
  c:\ProgramData\robocorp\ht\9808b16_b1f3c24_66529ced\python310.zip
  c:\ProgramData\robocorp\ht\9808b16_b1f3c24_66529ced\DLLs
  c:\ProgramData\robocorp\ht\9808b16_b1f3c24_66529ced\lib
  c:\ProgramData\robocorp\ht\9808b16_b1f3c24_66529ced
  c:\ProgramData\robocorp\ht
  c:\ProgramData\robocorp\ht\9808b16_b1f3c24_66529ced\lib\site-packages
  c:\ProgramData\robocorp\ht\9808b16_b1f3c24_66529ced\lib\site-packages\win32
  c:\ProgramData\robocorp\ht\9808b16_b1f3c24_66529ced\lib\site-packages\win32\lib
  c:\ProgramData\robocorp\ht\9808b16_b1f3c24_66529ced\lib\site-packages\Pythonwin</msg>
</errors>
</robot>
